 
****************************************
Report : resources
Design : CLKDIVS
Version: S-2021.06-SP5-5
Date   : Thu Mar  9 13:30:58 2023
****************************************


No resource sharing information to report.

No implementations to report

No resource sharing information to report.
 
****************************************
Design : CLKDivider_divide5_mihai_1
****************************************

No implementations to report

No resource sharing information to report.
 
****************************************
Design : CLKDivider_divide3_mihai_1
****************************************

No implementations to report

No resource sharing information to report.
 
****************************************
Design : CLKDivider_divideby2_1
****************************************

No implementations to report
1
